<?xml version="1.0" encoding="UTF-8"?>
<testng-results skipped="0" failed="0" ignored="0" total="1" passed="1">
  <reporter-output>
  </reporter-output>
  <suite name="Default suite" duration-ms="5571" started-at="2019-03-07T22:12:02Z" finished-at="2019-03-07T22:12:08Z">
    <groups>
    </groups>
    <test name="Default test" duration-ms="5571" started-at="2019-03-07T22:12:02Z" finished-at="2019-03-07T22:12:08Z">
      <class name="DBT.testing">
        <test-method status="PASS" signature="beforeClass()[pri:0, instance:DBT.testing@cb5822]" name="beforeClass" is-config="true" duration-ms="5484" started-at="2019-03-07T22:12:02Z" finished-at="2019-03-07T22:12:08Z">
          <reporter-output>
          </reporter-output>
        </test-method> <!-- beforeClass -->
        <test-method status="PASS" signature="test()[pri:0, instance:DBT.testing@cb5822]" name="test" duration-ms="42" started-at="2019-03-07T22:12:08Z" finished-at="2019-03-07T22:12:08Z">
          <reporter-output>
          </reporter-output>
        </test-method> <!-- test -->
        <test-method status="PASS" signature="afterClass()[pri:0, instance:DBT.testing@cb5822]" name="afterClass" is-config="true" duration-ms="7" started-at="2019-03-07T22:12:08Z" finished-at="2019-03-07T22:12:08Z">
          <reporter-output>
          </reporter-output>
        </test-method> <!-- afterClass -->
      </class> <!-- DBT.testing -->
    </test> <!-- Default test -->
  </suite> <!-- Default suite -->
</testng-results>
